2023-11-17 09:43:09.073  INFO 13920 --- [main] c.C.SpringBootRestApiStarterApplication  : Starting SpringBootRestApiStarterApplication using Java 17.0.7 on KS20L672 with PID 13920 (C:\Users\kumaran\Downloads\Spring-Boot-2.7-Rest-API-Starter-main\Spring-Boot-2.7-Rest-API-Starter-main\target\classes started by kumaran in C:\Users\kumaran\Downloads\Spring-Boot-2.7-Rest-API-Starter-main\Spring-Boot-2.7-Rest-API-Starter-main)
2023-11-17 09:43:09.085  INFO 13920 --- [main] c.C.SpringBootRestApiStarterApplication  : No active profile set, falling back to 1 default profile: "default"
2023-11-17 09:43:10.736  INFO 13920 --- [main] .s.d.r.c.RepositoryConfigurationDelegate : Bootstrapping Spring Data JPA repositories in DEFAULT mode.
2023-11-17 09:43:10.864  INFO 13920 --- [main] .s.d.r.c.RepositoryConfigurationDelegate : Finished Spring Data repository scanning in 117 ms. Found 10 JPA repository interfaces.
2023-11-17 09:43:12.196  INFO 13920 --- [main] o.s.b.w.embedded.tomcat.TomcatWebServer  : Tomcat initialized with port(s): 8080 (http)
2023-11-17 09:43:12.214  INFO 13920 --- [main] o.apache.catalina.core.StandardService   : Starting service [Tomcat]
2023-11-17 09:43:12.214  INFO 13920 --- [main] org.apache.catalina.core.StandardEngine  : Starting Servlet engine: [Apache Tomcat/9.0.82]
2023-11-17 09:43:12.414  INFO 13920 --- [main] o.a.c.c.C.[Tomcat].[localhost].[/]       : Initializing Spring embedded WebApplicationContext
2023-11-17 09:43:12.414  INFO 13920 --- [main] w.s.c.ServletWebServerApplicationContext : Root WebApplicationContext: initialization completed in 3193 ms
2023-11-17 09:43:12.683  INFO 13920 --- [main] o.hibernate.jpa.internal.util.LogHelper  : HHH000204: Processing PersistenceUnitInfo [name: default]
2023-11-17 09:43:12.774  INFO 13920 --- [main] org.hibernate.Version                    : HHH000412: Hibernate ORM core version 5.6.15.Final
2023-11-17 09:43:13.084  INFO 13920 --- [main] o.hibernate.annotations.common.Version   : HCANN000001: Hibernate Commons Annotations {5.1.2.Final}
2023-11-17 09:43:13.258  INFO 13920 --- [main] com.zaxxer.hikari.HikariDataSource       : HikariPool-1 - Starting...
2023-11-17 09:43:13.508  INFO 13920 --- [main] com.zaxxer.hikari.HikariDataSource       : HikariPool-1 - Start completed.
2023-11-17 09:43:13.532  INFO 13920 --- [main] org.hibernate.dialect.Dialect            : HHH000400: Using dialect: org.hibernate.dialect.MySQL8Dialect
2023-11-17 09:43:14.956  INFO 13920 --- [main] o.h.e.t.j.p.i.JtaPlatformInitiator       : HHH000490: Using JtaPlatform implementation: [org.hibernate.engine.transaction.jta.platform.internal.NoJtaPlatform]
2023-11-17 09:43:14.972  INFO 13920 --- [main] j.LocalContainerEntityManagerFactoryBean : Initialized JPA EntityManagerFactory for persistence unit 'default'
2023-11-17 09:43:15.020  WARN 13920 --- [main] JpaBaseConfiguration$JpaWebConfiguration : spring.jpa.open-in-view is enabled by default. Therefore, database queries may be performed during view rendering. Explicitly configure spring.jpa.open-in-view to disable this warning
2023-11-17 09:43:18.657 TRACE 13920 --- [main] eGlobalAuthenticationAutowiredConfigurer : Eagerly initializing {securityConfig=com.CodeWithBhargav.config.SecurityConfig$$EnhancerBySpringCGLIB$$abb6bbd9@4edd8a0a}
2023-11-17 09:43:19.050 DEBUG 13920 --- [main] edFilterInvocationSecurityMetadataSource : Adding web access control expression [permitAll] for Ant [pattern='/h2-console/**']
2023-11-17 09:43:19.097 DEBUG 13920 --- [main] edFilterInvocationSecurityMetadataSource : Adding web access control expression [permitAll] for Ant [pattern='/api/auth/**']
2023-11-17 09:43:19.097 DEBUG 13920 --- [main] edFilterInvocationSecurityMetadataSource : Adding web access control expression [permitAll] for Ant [pattern='/swagger-ui/**']
2023-11-17 09:43:19.097 DEBUG 13920 --- [main] edFilterInvocationSecurityMetadataSource : Adding web access control expression [authenticated] for any request
2023-11-17 09:43:19.112 TRACE 13920 --- [main] o.s.s.w.a.i.FilterSecurityInterceptor    : Validated configuration attributes
2023-11-17 09:43:19.128 TRACE 13920 --- [main] o.s.s.w.a.i.FilterSecurityInterceptor    : Validated configuration attributes
2023-11-17 09:43:19.128  INFO 13920 --- [main] o.s.s.web.DefaultSecurityFilterChain     : Will secure any request with [org.springframework.security.web.session.DisableEncodeUrlFilter@33f3ebfc, org.springframework.security.web.context.request.async.WebAsyncManagerIntegrationFilter@5cb3cfef, org.springframework.security.web.context.SecurityContextPersistenceFilter@34947355, org.springframework.security.web.header.HeaderWriterFilter@85104d6, org.springframework.security.web.authentication.logout.LogoutFilter@7dd92a36, org.springframework.security.web.authentication.www.BasicAuthenticationFilter@4bc49d70, org.springframework.security.web.savedrequest.RequestCacheAwareFilter@5e6ad84c, org.springframework.security.web.servletapi.SecurityContextHolderAwareRequestFilter@4117e0c9, org.springframework.security.web.authentication.AnonymousAuthenticationFilter@eb77241, org.springframework.security.web.session.SessionManagementFilter@65067d37, org.springframework.security.web.access.ExceptionTranslationFilter@4e6add8d, org.springframework.security.web.access.intercept.FilterSecurityInterceptor@33293b34]
2023-11-17 09:43:19.900  INFO 13920 --- [main] o.s.b.w.embedded.tomcat.TomcatWebServer  : Tomcat started on port(s): 8080 (http) with context path ''
2023-11-17 09:43:21.406  INFO 13920 --- [main] c.C.SpringBootRestApiStarterApplication  : Started SpringBootRestApiStarterApplication in 13.09 seconds (JVM running for 13.896)
2023-11-17 09:43:47.288  INFO 13920 --- [http-nio-8080-exec-1] o.a.c.c.C.[Tomcat].[localhost].[/]       : Initializing Spring DispatcherServlet 'dispatcherServlet'
2023-11-17 09:43:47.288  INFO 13920 --- [http-nio-8080-exec-1] o.s.web.servlet.DispatcherServlet        : Initializing Servlet 'dispatcherServlet'
2023-11-17 09:43:47.288  INFO 13920 --- [http-nio-8080-exec-1] o.s.web.servlet.DispatcherServlet        : Completed initialization in 0 ms
2023-11-17 09:43:47.321 TRACE 13920 --- [http-nio-8080-exec-1] o.s.security.web.FilterChainProxy        : Trying to match request against DefaultSecurityFilterChain [RequestMatcher=any request, Filters=[org.springframework.security.web.session.DisableEncodeUrlFilter@33f3ebfc, org.springframework.security.web.context.request.async.WebAsyncManagerIntegrationFilter@5cb3cfef, org.springframework.security.web.context.SecurityContextPersistenceFilter@34947355, org.springframework.security.web.header.HeaderWriterFilter@85104d6, org.springframework.security.web.authentication.logout.LogoutFilter@7dd92a36, org.springframework.security.web.authentication.www.BasicAuthenticationFilter@4bc49d70, org.springframework.security.web.savedrequest.RequestCacheAwareFilter@5e6ad84c, org.springframework.security.web.servletapi.SecurityContextHolderAwareRequestFilter@4117e0c9, org.springframework.security.web.authentication.AnonymousAuthenticationFilter@eb77241, org.springframework.security.web.session.SessionManagementFilter@65067d37, org.springframework.security.web.access.ExceptionTranslationFilter@4e6add8d, org.springframework.security.web.access.intercept.FilterSecurityInterceptor@33293b34]] (1/1)
2023-11-17 09:43:47.321 DEBUG 13920 --- [http-nio-8080-exec-1] o.s.security.web.FilterChainProxy        : Securing GET /api/admin/product/all
2023-11-17 09:43:47.321 TRACE 13920 --- [http-nio-8080-exec-1] o.s.security.web.FilterChainProxy        : Invoking DisableEncodeUrlFilter (1/12)
2023-11-17 09:43:47.321 TRACE 13920 --- [http-nio-8080-exec-1] o.s.security.web.FilterChainProxy        : Invoking WebAsyncManagerIntegrationFilter (2/12)
2023-11-17 09:43:47.329 TRACE 13920 --- [http-nio-8080-exec-1] o.s.security.web.FilterChainProxy        : Invoking SecurityContextPersistenceFilter (3/12)
2023-11-17 09:43:47.329 DEBUG 13920 --- [http-nio-8080-exec-1] s.s.w.c.SecurityContextPersistenceFilter : Set SecurityContextHolder to empty SecurityContext
2023-11-17 09:43:47.329 TRACE 13920 --- [http-nio-8080-exec-1] o.s.security.web.FilterChainProxy        : Invoking HeaderWriterFilter (4/12)
2023-11-17 09:43:47.337 TRACE 13920 --- [http-nio-8080-exec-1] o.s.security.web.FilterChainProxy        : Invoking LogoutFilter (5/12)
2023-11-17 09:43:47.341 TRACE 13920 --- [http-nio-8080-exec-1] o.s.s.w.a.logout.LogoutFilter            : Did not match request to Or [Ant [pattern='/logout', GET], Ant [pattern='/logout', POST], Ant [pattern='/logout', PUT], Ant [pattern='/logout', DELETE]]
2023-11-17 09:43:47.341 TRACE 13920 --- [http-nio-8080-exec-1] o.s.security.web.FilterChainProxy        : Invoking BasicAuthenticationFilter (6/12)
2023-11-17 09:43:47.345 TRACE 13920 --- [http-nio-8080-exec-1] o.s.s.w.a.www.BasicAuthenticationFilter  : Found username 'admin' in Basic Authorization header
2023-11-17 09:43:47.348 TRACE 13920 --- [http-nio-8080-exec-1] o.s.s.authentication.ProviderManager     : Authenticating request with DaoAuthenticationProvider (1/1)
2023-11-17 09:43:47.994 DEBUG 13920 --- [http-nio-8080-exec-1] o.s.s.a.dao.DaoAuthenticationProvider    : Authenticated user
2023-11-17 09:43:47.997 DEBUG 13920 --- [http-nio-8080-exec-1] o.s.s.w.a.www.BasicAuthenticationFilter  : Set SecurityContextHolder to UsernamePasswordAuthenticationToken [Principal=org.springframework.security.core.userdetails.User [Username=admin, Password=[PROTECTED], Enabled=true, AccountNonExpired=true, credentialsNonExpired=true, AccountNonLocked=true, Granted Authorities=[ROLE_ADMIN]], Credentials=[PROTECTED], Authenticated=true, Details=WebAuthenticationDetails [RemoteIpAddress=0:0:0:0:0:0:0:1, SessionId=null], Granted Authorities=[ROLE_ADMIN]]
2023-11-17 09:43:47.997 TRACE 13920 --- [http-nio-8080-exec-1] o.s.security.web.FilterChainProxy        : Invoking RequestCacheAwareFilter (7/12)
2023-11-17 09:43:47.997 TRACE 13920 --- [http-nio-8080-exec-1] o.s.security.web.FilterChainProxy        : Invoking SecurityContextHolderAwareRequestFilter (8/12)
2023-11-17 09:43:48.004 TRACE 13920 --- [http-nio-8080-exec-1] o.s.security.web.FilterChainProxy        : Invoking AnonymousAuthenticationFilter (9/12)
2023-11-17 09:43:48.004 TRACE 13920 --- [http-nio-8080-exec-1] o.s.s.w.a.AnonymousAuthenticationFilter  : Did not set SecurityContextHolder since already authenticated UsernamePasswordAuthenticationToken [Principal=org.springframework.security.core.userdetails.User [Username=admin, Password=[PROTECTED], Enabled=true, AccountNonExpired=true, credentialsNonExpired=true, AccountNonLocked=true, Granted Authorities=[ROLE_ADMIN]], Credentials=[PROTECTED], Authenticated=true, Details=WebAuthenticationDetails [RemoteIpAddress=0:0:0:0:0:0:0:1, SessionId=null], Granted Authorities=[ROLE_ADMIN]]
2023-11-17 09:43:48.004 TRACE 13920 --- [http-nio-8080-exec-1] o.s.security.web.FilterChainProxy        : Invoking SessionManagementFilter (10/12)
2023-11-17 09:43:48.008 TRACE 13920 --- [http-nio-8080-exec-1] s.CompositeSessionAuthenticationStrategy : Preparing session with ChangeSessionIdAuthenticationStrategy (1/1)
2023-11-17 09:43:48.008 TRACE 13920 --- [http-nio-8080-exec-1] o.s.security.web.FilterChainProxy        : Invoking ExceptionTranslationFilter (11/12)
2023-11-17 09:43:48.008 TRACE 13920 --- [http-nio-8080-exec-1] o.s.security.web.FilterChainProxy        : Invoking FilterSecurityInterceptor (12/12)
2023-11-17 09:43:48.011 TRACE 13920 --- [http-nio-8080-exec-1] edFilterInvocationSecurityMetadataSource : Did not match request to Ant [pattern='/h2-console/**'] - [permitAll] (1/4)
2023-11-17 09:43:48.013 TRACE 13920 --- [http-nio-8080-exec-1] edFilterInvocationSecurityMetadataSource : Did not match request to Ant [pattern='/api/auth/**'] - [permitAll] (2/4)
2023-11-17 09:43:48.013 TRACE 13920 --- [http-nio-8080-exec-1] edFilterInvocationSecurityMetadataSource : Did not match request to Ant [pattern='/swagger-ui/**'] - [permitAll] (3/4)
2023-11-17 09:43:48.013 TRACE 13920 --- [http-nio-8080-exec-1] o.s.s.w.a.i.FilterSecurityInterceptor    : Did not re-authenticate UsernamePasswordAuthenticationToken [Principal=org.springframework.security.core.userdetails.User [Username=admin, Password=[PROTECTED], Enabled=true, AccountNonExpired=true, credentialsNonExpired=true, AccountNonLocked=true, Granted Authorities=[ROLE_ADMIN]], Credentials=[PROTECTED], Authenticated=true, Details=WebAuthenticationDetails [RemoteIpAddress=0:0:0:0:0:0:0:1, SessionId=null], Granted Authorities=[ROLE_ADMIN]] before authorizing
2023-11-17 09:43:48.013 TRACE 13920 --- [http-nio-8080-exec-1] o.s.s.w.a.i.FilterSecurityInterceptor    : Authorizing filter invocation [GET /api/admin/product/all] with attributes [authenticated]
2023-11-17 09:43:48.037 DEBUG 13920 --- [http-nio-8080-exec-1] o.s.s.w.a.i.FilterSecurityInterceptor    : Authorized filter invocation [GET /api/admin/product/all] with attributes [authenticated]
2023-11-17 09:43:48.037 TRACE 13920 --- [http-nio-8080-exec-1] o.s.s.w.a.i.FilterSecurityInterceptor    : Did not switch RunAs authentication since RunAsManager returned null
2023-11-17 09:43:48.037 DEBUG 13920 --- [http-nio-8080-exec-1] o.s.security.web.FilterChainProxy        : Secured GET /api/admin/product/all
2023-11-17 09:43:48.282 TRACE 13920 --- [http-nio-8080-exec-1] o.s.s.w.header.writers.HstsHeaderWriter  : Not injecting HSTS header since it did not match request to [Is Secure]
2023-11-17 09:43:48.297 DEBUG 13920 --- [http-nio-8080-exec-1] s.s.w.c.SecurityContextPersistenceFilter : Cleared SecurityContextHolder to complete request
2023-11-17 09:46:14.462 TRACE 13920 --- [http-nio-8080-exec-3] o.s.security.web.FilterChainProxy        : Trying to match request against DefaultSecurityFilterChain [RequestMatcher=any request, Filters=[org.springframework.security.web.session.DisableEncodeUrlFilter@33f3ebfc, org.springframework.security.web.context.request.async.WebAsyncManagerIntegrationFilter@5cb3cfef, org.springframework.security.web.context.SecurityContextPersistenceFilter@34947355, org.springframework.security.web.header.HeaderWriterFilter@85104d6, org.springframework.security.web.authentication.logout.LogoutFilter@7dd92a36, org.springframework.security.web.authentication.www.BasicAuthenticationFilter@4bc49d70, org.springframework.security.web.savedrequest.RequestCacheAwareFilter@5e6ad84c, org.springframework.security.web.servletapi.SecurityContextHolderAwareRequestFilter@4117e0c9, org.springframework.security.web.authentication.AnonymousAuthenticationFilter@eb77241, org.springframework.security.web.session.SessionManagementFilter@65067d37, org.springframework.security.web.access.ExceptionTranslationFilter@4e6add8d, org.springframework.security.web.access.intercept.FilterSecurityInterceptor@33293b34]] (1/1)
2023-11-17 09:46:14.462 DEBUG 13920 --- [http-nio-8080-exec-3] o.s.security.web.FilterChainProxy        : Securing GET /api/admin/user/all
2023-11-17 09:46:14.462 TRACE 13920 --- [http-nio-8080-exec-3] o.s.security.web.FilterChainProxy        : Invoking DisableEncodeUrlFilter (1/12)
2023-11-17 09:46:14.462 TRACE 13920 --- [http-nio-8080-exec-3] o.s.security.web.FilterChainProxy        : Invoking WebAsyncManagerIntegrationFilter (2/12)
2023-11-17 09:46:14.462 TRACE 13920 --- [http-nio-8080-exec-3] o.s.security.web.FilterChainProxy        : Invoking SecurityContextPersistenceFilter (3/12)
2023-11-17 09:46:14.462 DEBUG 13920 --- [http-nio-8080-exec-3] s.s.w.c.SecurityContextPersistenceFilter : Set SecurityContextHolder to empty SecurityContext
2023-11-17 09:46:14.462 TRACE 13920 --- [http-nio-8080-exec-3] o.s.security.web.FilterChainProxy        : Invoking HeaderWriterFilter (4/12)
2023-11-17 09:46:14.462 TRACE 13920 --- [http-nio-8080-exec-3] o.s.security.web.FilterChainProxy        : Invoking LogoutFilter (5/12)
2023-11-17 09:46:14.462 TRACE 13920 --- [http-nio-8080-exec-3] o.s.s.w.a.logout.LogoutFilter            : Did not match request to Or [Ant [pattern='/logout', GET], Ant [pattern='/logout', POST], Ant [pattern='/logout', PUT], Ant [pattern='/logout', DELETE]]
2023-11-17 09:46:14.462 TRACE 13920 --- [http-nio-8080-exec-3] o.s.security.web.FilterChainProxy        : Invoking BasicAuthenticationFilter (6/12)
2023-11-17 09:46:14.468 TRACE 13920 --- [http-nio-8080-exec-3] o.s.s.w.a.www.BasicAuthenticationFilter  : Found username 'nani' in Basic Authorization header
2023-11-17 09:46:14.469 TRACE 13920 --- [http-nio-8080-exec-3] o.s.s.authentication.ProviderManager     : Authenticating request with DaoAuthenticationProvider (1/1)
2023-11-17 09:46:14.751 DEBUG 13920 --- [http-nio-8080-exec-3] o.s.s.a.dao.DaoAuthenticationProvider    : Authenticated user
2023-11-17 09:46:14.751 DEBUG 13920 --- [http-nio-8080-exec-3] o.s.s.w.a.www.BasicAuthenticationFilter  : Set SecurityContextHolder to UsernamePasswordAuthenticationToken [Principal=org.springframework.security.core.userdetails.User [Username=nani, Password=[PROTECTED], Enabled=true, AccountNonExpired=true, credentialsNonExpired=true, AccountNonLocked=true, Granted Authorities=[ROLE_USER]], Credentials=[PROTECTED], Authenticated=true, Details=WebAuthenticationDetails [RemoteIpAddress=0:0:0:0:0:0:0:1, SessionId=null], Granted Authorities=[ROLE_USER]]
2023-11-17 09:46:14.751 TRACE 13920 --- [http-nio-8080-exec-3] o.s.security.web.FilterChainProxy        : Invoking RequestCacheAwareFilter (7/12)
2023-11-17 09:46:14.751 TRACE 13920 --- [http-nio-8080-exec-3] o.s.security.web.FilterChainProxy        : Invoking SecurityContextHolderAwareRequestFilter (8/12)
2023-11-17 09:46:14.751 TRACE 13920 --- [http-nio-8080-exec-3] o.s.security.web.FilterChainProxy        : Invoking AnonymousAuthenticationFilter (9/12)
2023-11-17 09:46:14.751 TRACE 13920 --- [http-nio-8080-exec-3] o.s.s.w.a.AnonymousAuthenticationFilter  : Did not set SecurityContextHolder since already authenticated UsernamePasswordAuthenticationToken [Principal=org.springframework.security.core.userdetails.User [Username=nani, Password=[PROTECTED], Enabled=true, AccountNonExpired=true, credentialsNonExpired=true, AccountNonLocked=true, Granted Authorities=[ROLE_USER]], Credentials=[PROTECTED], Authenticated=true, Details=WebAuthenticationDetails [RemoteIpAddress=0:0:0:0:0:0:0:1, SessionId=null], Granted Authorities=[ROLE_USER]]
2023-11-17 09:46:14.751 TRACE 13920 --- [http-nio-8080-exec-3] o.s.security.web.FilterChainProxy        : Invoking SessionManagementFilter (10/12)
2023-11-17 09:46:14.751 TRACE 13920 --- [http-nio-8080-exec-3] s.CompositeSessionAuthenticationStrategy : Preparing session with ChangeSessionIdAuthenticationStrategy (1/1)
2023-11-17 09:46:14.751 TRACE 13920 --- [http-nio-8080-exec-3] o.s.security.web.FilterChainProxy        : Invoking ExceptionTranslationFilter (11/12)
2023-11-17 09:46:14.751 TRACE 13920 --- [http-nio-8080-exec-3] o.s.security.web.FilterChainProxy        : Invoking FilterSecurityInterceptor (12/12)
2023-11-17 09:46:14.751 TRACE 13920 --- [http-nio-8080-exec-3] edFilterInvocationSecurityMetadataSource : Did not match request to Ant [pattern='/h2-console/**'] - [permitAll] (1/4)
2023-11-17 09:46:14.751 TRACE 13920 --- [http-nio-8080-exec-3] edFilterInvocationSecurityMetadataSource : Did not match request to Ant [pattern='/api/auth/**'] - [permitAll] (2/4)
2023-11-17 09:46:14.751 TRACE 13920 --- [http-nio-8080-exec-3] edFilterInvocationSecurityMetadataSource : Did not match request to Ant [pattern='/swagger-ui/**'] - [permitAll] (3/4)
2023-11-17 09:46:14.751 TRACE 13920 --- [http-nio-8080-exec-3] o.s.s.w.a.i.FilterSecurityInterceptor    : Did not re-authenticate UsernamePasswordAuthenticationToken [Principal=org.springframework.security.core.userdetails.User [Username=nani, Password=[PROTECTED], Enabled=true, AccountNonExpired=true, credentialsNonExpired=true, AccountNonLocked=true, Granted Authorities=[ROLE_USER]], Credentials=[PROTECTED], Authenticated=true, Details=WebAuthenticationDetails [RemoteIpAddress=0:0:0:0:0:0:0:1, SessionId=null], Granted Authorities=[ROLE_USER]] before authorizing
2023-11-17 09:46:14.751 TRACE 13920 --- [http-nio-8080-exec-3] o.s.s.w.a.i.FilterSecurityInterceptor    : Authorizing filter invocation [GET /api/admin/user/all] with attributes [authenticated]
2023-11-17 09:46:14.751 DEBUG 13920 --- [http-nio-8080-exec-3] o.s.s.w.a.i.FilterSecurityInterceptor    : Authorized filter invocation [GET /api/admin/user/all] with attributes [authenticated]
2023-11-17 09:46:14.751 TRACE 13920 --- [http-nio-8080-exec-3] o.s.s.w.a.i.FilterSecurityInterceptor    : Did not switch RunAs authentication since RunAsManager returned null
2023-11-17 09:46:14.751 DEBUG 13920 --- [http-nio-8080-exec-3] o.s.security.web.FilterChainProxy        : Secured GET /api/admin/user/all
2023-11-17 09:46:14.850 TRACE 13920 --- [http-nio-8080-exec-3] o.s.s.w.header.writers.HstsHeaderWriter  : Not injecting HSTS header since it did not match request to [Is Secure]
2023-11-17 09:46:14.852 DEBUG 13920 --- [http-nio-8080-exec-3] s.s.w.c.SecurityContextPersistenceFilter : Cleared SecurityContextHolder to complete request
2023-11-17 09:47:29.147 TRACE 13920 --- [http-nio-8080-exec-6] o.s.security.web.FilterChainProxy        : Trying to match request against DefaultSecurityFilterChain [RequestMatcher=any request, Filters=[org.springframework.security.web.session.DisableEncodeUrlFilter@33f3ebfc, org.springframework.security.web.context.request.async.WebAsyncManagerIntegrationFilter@5cb3cfef, org.springframework.security.web.context.SecurityContextPersistenceFilter@34947355, org.springframework.security.web.header.HeaderWriterFilter@85104d6, org.springframework.security.web.authentication.logout.LogoutFilter@7dd92a36, org.springframework.security.web.authentication.www.BasicAuthenticationFilter@4bc49d70, org.springframework.security.web.savedrequest.RequestCacheAwareFilter@5e6ad84c, org.springframework.security.web.servletapi.SecurityContextHolderAwareRequestFilter@4117e0c9, org.springframework.security.web.authentication.AnonymousAuthenticationFilter@eb77241, org.springframework.security.web.session.SessionManagementFilter@65067d37, org.springframework.security.web.access.ExceptionTranslationFilter@4e6add8d, org.springframework.security.web.access.intercept.FilterSecurityInterceptor@33293b34]] (1/1)
2023-11-17 09:47:29.147 DEBUG 13920 --- [http-nio-8080-exec-6] o.s.security.web.FilterChainProxy        : Securing POST /api/cart
2023-11-17 09:47:29.147 TRACE 13920 --- [http-nio-8080-exec-6] o.s.security.web.FilterChainProxy        : Invoking DisableEncodeUrlFilter (1/12)
2023-11-17 09:47:29.147 TRACE 13920 --- [http-nio-8080-exec-6] o.s.security.web.FilterChainProxy        : Invoking WebAsyncManagerIntegrationFilter (2/12)
2023-11-17 09:47:29.147 TRACE 13920 --- [http-nio-8080-exec-6] o.s.security.web.FilterChainProxy        : Invoking SecurityContextPersistenceFilter (3/12)
2023-11-17 09:47:29.147 DEBUG 13920 --- [http-nio-8080-exec-6] s.s.w.c.SecurityContextPersistenceFilter : Set SecurityContextHolder to empty SecurityContext
2023-11-17 09:47:29.147 TRACE 13920 --- [http-nio-8080-exec-6] o.s.security.web.FilterChainProxy        : Invoking HeaderWriterFilter (4/12)
2023-11-17 09:47:29.147 TRACE 13920 --- [http-nio-8080-exec-6] o.s.security.web.FilterChainProxy        : Invoking LogoutFilter (5/12)
2023-11-17 09:47:29.147 TRACE 13920 --- [http-nio-8080-exec-6] o.s.s.w.a.logout.LogoutFilter            : Did not match request to Or [Ant [pattern='/logout', GET], Ant [pattern='/logout', POST], Ant [pattern='/logout', PUT], Ant [pattern='/logout', DELETE]]
2023-11-17 09:47:29.147 TRACE 13920 --- [http-nio-8080-exec-6] o.s.security.web.FilterChainProxy        : Invoking BasicAuthenticationFilter (6/12)
2023-11-17 09:47:29.147 TRACE 13920 --- [http-nio-8080-exec-6] o.s.s.w.a.www.BasicAuthenticationFilter  : Found username 'Bhargava' in Basic Authorization header
2023-11-17 09:47:29.154 TRACE 13920 --- [http-nio-8080-exec-6] o.s.s.authentication.ProviderManager     : Authenticating request with DaoAuthenticationProvider (1/1)
2023-11-17 09:47:29.443 DEBUG 13920 --- [http-nio-8080-exec-6] o.s.s.a.dao.DaoAuthenticationProvider    : Authenticated user
2023-11-17 09:47:29.443 DEBUG 13920 --- [http-nio-8080-exec-6] o.s.s.w.a.www.BasicAuthenticationFilter  : Set SecurityContextHolder to UsernamePasswordAuthenticationToken [Principal=org.springframework.security.core.userdetails.User [Username=Devisetty, Password=[PROTECTED], Enabled=true, AccountNonExpired=true, credentialsNonExpired=true, AccountNonLocked=true, Granted Authorities=[ROLE_USER]], Credentials=[PROTECTED], Authenticated=true, Details=WebAuthenticationDetails [RemoteIpAddress=0:0:0:0:0:0:0:1, SessionId=null], Granted Authorities=[ROLE_USER]]
2023-11-17 09:47:29.443 TRACE 13920 --- [http-nio-8080-exec-6] o.s.security.web.FilterChainProxy        : Invoking RequestCacheAwareFilter (7/12)
2023-11-17 09:47:29.443 TRACE 13920 --- [http-nio-8080-exec-6] o.s.security.web.FilterChainProxy        : Invoking SecurityContextHolderAwareRequestFilter (8/12)
2023-11-17 09:47:29.443 TRACE 13920 --- [http-nio-8080-exec-6] o.s.security.web.FilterChainProxy        : Invoking AnonymousAuthenticationFilter (9/12)
2023-11-17 09:47:29.443 TRACE 13920 --- [http-nio-8080-exec-6] o.s.s.w.a.AnonymousAuthenticationFilter  : Did not set SecurityContextHolder since already authenticated UsernamePasswordAuthenticationToken [Principal=org.springframework.security.core.userdetails.User [Username=Devisetty, Password=[PROTECTED], Enabled=true, AccountNonExpired=true, credentialsNonExpired=true, AccountNonLocked=true, Granted Authorities=[ROLE_USER]], Credentials=[PROTECTED], Authenticated=true, Details=WebAuthenticationDetails [RemoteIpAddress=0:0:0:0:0:0:0:1, SessionId=null], Granted Authorities=[ROLE_USER]]
2023-11-17 09:47:29.443 TRACE 13920 --- [http-nio-8080-exec-6] o.s.security.web.FilterChainProxy        : Invoking SessionManagementFilter (10/12)
2023-11-17 09:47:29.443 TRACE 13920 --- [http-nio-8080-exec-6] s.CompositeSessionAuthenticationStrategy : Preparing session with ChangeSessionIdAuthenticationStrategy (1/1)
2023-11-17 09:47:29.443 TRACE 13920 --- [http-nio-8080-exec-6] o.s.security.web.FilterChainProxy        : Invoking ExceptionTranslationFilter (11/12)
2023-11-17 09:47:29.443 TRACE 13920 --- [http-nio-8080-exec-6] o.s.security.web.FilterChainProxy        : Invoking FilterSecurityInterceptor (12/12)
2023-11-17 09:47:29.443 TRACE 13920 --- [http-nio-8080-exec-6] edFilterInvocationSecurityMetadataSource : Did not match request to Ant [pattern='/h2-console/**'] - [permitAll] (1/4)
2023-11-17 09:47:29.443 TRACE 13920 --- [http-nio-8080-exec-6] edFilterInvocationSecurityMetadataSource : Did not match request to Ant [pattern='/api/auth/**'] - [permitAll] (2/4)
2023-11-17 09:47:29.443 TRACE 13920 --- [http-nio-8080-exec-6] edFilterInvocationSecurityMetadataSource : Did not match request to Ant [pattern='/swagger-ui/**'] - [permitAll] (3/4)
2023-11-17 09:47:29.443 TRACE 13920 --- [http-nio-8080-exec-6] o.s.s.w.a.i.FilterSecurityInterceptor    : Did not re-authenticate UsernamePasswordAuthenticationToken [Principal=org.springframework.security.core.userdetails.User [Username=Devisetty, Password=[PROTECTED], Enabled=true, AccountNonExpired=true, credentialsNonExpired=true, AccountNonLocked=true, Granted Authorities=[ROLE_USER]], Credentials=[PROTECTED], Authenticated=true, Details=WebAuthenticationDetails [RemoteIpAddress=0:0:0:0:0:0:0:1, SessionId=null], Granted Authorities=[ROLE_USER]] before authorizing
2023-11-17 09:47:29.443 TRACE 13920 --- [http-nio-8080-exec-6] o.s.s.w.a.i.FilterSecurityInterceptor    : Authorizing filter invocation [POST /api/cart] with attributes [authenticated]
2023-11-17 09:47:29.451 DEBUG 13920 --- [http-nio-8080-exec-6] o.s.s.w.a.i.FilterSecurityInterceptor    : Authorized filter invocation [POST /api/cart] with attributes [authenticated]
2023-11-17 09:47:29.451 TRACE 13920 --- [http-nio-8080-exec-6] o.s.s.w.a.i.FilterSecurityInterceptor    : Did not switch RunAs authentication since RunAsManager returned null
2023-11-17 09:47:29.451 DEBUG 13920 --- [http-nio-8080-exec-6] o.s.security.web.FilterChainProxy        : Secured POST /api/cart
2023-11-17 09:47:29.621 TRACE 13920 --- [http-nio-8080-exec-6] o.s.s.w.header.writers.HstsHeaderWriter  : Not injecting HSTS header since it did not match request to [Is Secure]
2023-11-17 09:47:29.631 DEBUG 13920 --- [http-nio-8080-exec-6] s.s.w.c.SecurityContextPersistenceFilter : Cleared SecurityContextHolder to complete request
2023-11-17 09:49:39.941 TRACE 13920 --- [http-nio-8080-exec-2] o.s.security.web.FilterChainProxy        : Trying to match request against DefaultSecurityFilterChain [RequestMatcher=any request, Filters=[org.springframework.security.web.session.DisableEncodeUrlFilter@33f3ebfc, org.springframework.security.web.context.request.async.WebAsyncManagerIntegrationFilter@5cb3cfef, org.springframework.security.web.context.SecurityContextPersistenceFilter@34947355, org.springframework.security.web.header.HeaderWriterFilter@85104d6, org.springframework.security.web.authentication.logout.LogoutFilter@7dd92a36, org.springframework.security.web.authentication.www.BasicAuthenticationFilter@4bc49d70, org.springframework.security.web.savedrequest.RequestCacheAwareFilter@5e6ad84c, org.springframework.security.web.servletapi.SecurityContextHolderAwareRequestFilter@4117e0c9, org.springframework.security.web.authentication.AnonymousAuthenticationFilter@eb77241, org.springframework.security.web.session.SessionManagementFilter@65067d37, org.springframework.security.web.access.ExceptionTranslationFilter@4e6add8d, org.springframework.security.web.access.intercept.FilterSecurityInterceptor@33293b34]] (1/1)
2023-11-17 09:49:39.941 DEBUG 13920 --- [http-nio-8080-exec-2] o.s.security.web.FilterChainProxy        : Securing GET /api/cart/3
2023-11-17 09:49:39.941 TRACE 13920 --- [http-nio-8080-exec-2] o.s.security.web.FilterChainProxy        : Invoking DisableEncodeUrlFilter (1/12)
2023-11-17 09:49:39.941 TRACE 13920 --- [http-nio-8080-exec-2] o.s.security.web.FilterChainProxy        : Invoking WebAsyncManagerIntegrationFilter (2/12)
2023-11-17 09:49:39.945 TRACE 13920 --- [http-nio-8080-exec-2] o.s.security.web.FilterChainProxy        : Invoking SecurityContextPersistenceFilter (3/12)
2023-11-17 09:49:39.945 DEBUG 13920 --- [http-nio-8080-exec-2] s.s.w.c.SecurityContextPersistenceFilter : Set SecurityContextHolder to empty SecurityContext
2023-11-17 09:49:39.945 TRACE 13920 --- [http-nio-8080-exec-2] o.s.security.web.FilterChainProxy        : Invoking HeaderWriterFilter (4/12)
2023-11-17 09:49:39.945 TRACE 13920 --- [http-nio-8080-exec-2] o.s.security.web.FilterChainProxy        : Invoking LogoutFilter (5/12)
2023-11-17 09:49:39.945 TRACE 13920 --- [http-nio-8080-exec-2] o.s.s.w.a.logout.LogoutFilter            : Did not match request to Or [Ant [pattern='/logout', GET], Ant [pattern='/logout', POST], Ant [pattern='/logout', PUT], Ant [pattern='/logout', DELETE]]
2023-11-17 09:49:39.945 TRACE 13920 --- [http-nio-8080-exec-2] o.s.security.web.FilterChainProxy        : Invoking BasicAuthenticationFilter (6/12)
2023-11-17 09:49:39.945 TRACE 13920 --- [http-nio-8080-exec-2] o.s.s.w.a.www.BasicAuthenticationFilter  : Found username 'admin' in Basic Authorization header
2023-11-17 09:49:39.945 TRACE 13920 --- [http-nio-8080-exec-2] o.s.s.authentication.ProviderManager     : Authenticating request with DaoAuthenticationProvider (1/1)
2023-11-17 09:49:40.211 DEBUG 13920 --- [http-nio-8080-exec-2] o.s.s.a.dao.DaoAuthenticationProvider    : Authenticated user
2023-11-17 09:49:40.219 DEBUG 13920 --- [http-nio-8080-exec-2] o.s.s.w.a.www.BasicAuthenticationFilter  : Set SecurityContextHolder to UsernamePasswordAuthenticationToken [Principal=org.springframework.security.core.userdetails.User [Username=admin, Password=[PROTECTED], Enabled=true, AccountNonExpired=true, credentialsNonExpired=true, AccountNonLocked=true, Granted Authorities=[ROLE_ADMIN]], Credentials=[PROTECTED], Authenticated=true, Details=WebAuthenticationDetails [RemoteIpAddress=0:0:0:0:0:0:0:1, SessionId=null], Granted Authorities=[ROLE_ADMIN]]
2023-11-17 09:49:40.219 TRACE 13920 --- [http-nio-8080-exec-2] o.s.security.web.FilterChainProxy        : Invoking RequestCacheAwareFilter (7/12)
2023-11-17 09:49:40.219 TRACE 13920 --- [http-nio-8080-exec-2] o.s.security.web.FilterChainProxy        : Invoking SecurityContextHolderAwareRequestFilter (8/12)
2023-11-17 09:49:40.219 TRACE 13920 --- [http-nio-8080-exec-2] o.s.security.web.FilterChainProxy        : Invoking AnonymousAuthenticationFilter (9/12)
2023-11-17 09:49:40.219 TRACE 13920 --- [http-nio-8080-exec-2] o.s.s.w.a.AnonymousAuthenticationFilter  : Did not set SecurityContextHolder since already authenticated UsernamePasswordAuthenticationToken [Principal=org.springframework.security.core.userdetails.User [Username=admin, Password=[PROTECTED], Enabled=true, AccountNonExpired=true, credentialsNonExpired=true, AccountNonLocked=true, Granted Authorities=[ROLE_ADMIN]], Credentials=[PROTECTED], Authenticated=true, Details=WebAuthenticationDetails [RemoteIpAddress=0:0:0:0:0:0:0:1, SessionId=null], Granted Authorities=[ROLE_ADMIN]]
2023-11-17 09:49:40.219 TRACE 13920 --- [http-nio-8080-exec-2] o.s.security.web.FilterChainProxy        : Invoking SessionManagementFilter (10/12)
2023-11-17 09:49:40.219 TRACE 13920 --- [http-nio-8080-exec-2] s.CompositeSessionAuthenticationStrategy : Preparing session with ChangeSessionIdAuthenticationStrategy (1/1)
2023-11-17 09:49:40.219 TRACE 13920 --- [http-nio-8080-exec-2] o.s.security.web.FilterChainProxy        : Invoking ExceptionTranslationFilter (11/12)
2023-11-17 09:49:40.219 TRACE 13920 --- [http-nio-8080-exec-2] o.s.security.web.FilterChainProxy        : Invoking FilterSecurityInterceptor (12/12)
2023-11-17 09:49:40.219 TRACE 13920 --- [http-nio-8080-exec-2] edFilterInvocationSecurityMetadataSource : Did not match request to Ant [pattern='/h2-console/**'] - [permitAll] (1/4)
2023-11-17 09:49:40.219 TRACE 13920 --- [http-nio-8080-exec-2] edFilterInvocationSecurityMetadataSource : Did not match request to Ant [pattern='/api/auth/**'] - [permitAll] (2/4)
2023-11-17 09:49:40.219 TRACE 13920 --- [http-nio-8080-exec-2] edFilterInvocationSecurityMetadataSource : Did not match request to Ant [pattern='/swagger-ui/**'] - [permitAll] (3/4)
2023-11-17 09:49:40.219 TRACE 13920 --- [http-nio-8080-exec-2] o.s.s.w.a.i.FilterSecurityInterceptor    : Did not re-authenticate UsernamePasswordAuthenticationToken [Principal=org.springframework.security.core.userdetails.User [Username=admin, Password=[PROTECTED], Enabled=true, AccountNonExpired=true, credentialsNonExpired=true, AccountNonLocked=true, Granted Authorities=[ROLE_ADMIN]], Credentials=[PROTECTED], Authenticated=true, Details=WebAuthenticationDetails [RemoteIpAddress=0:0:0:0:0:0:0:1, SessionId=null], Granted Authorities=[ROLE_ADMIN]] before authorizing
2023-11-17 09:49:40.219 TRACE 13920 --- [http-nio-8080-exec-2] o.s.s.w.a.i.FilterSecurityInterceptor    : Authorizing filter invocation [GET /api/cart/3] with attributes [authenticated]
2023-11-17 09:49:40.219 DEBUG 13920 --- [http-nio-8080-exec-2] o.s.s.w.a.i.FilterSecurityInterceptor    : Authorized filter invocation [GET /api/cart/3] with attributes [authenticated]
2023-11-17 09:49:40.219 TRACE 13920 --- [http-nio-8080-exec-2] o.s.s.w.a.i.FilterSecurityInterceptor    : Did not switch RunAs authentication since RunAsManager returned null
2023-11-17 09:49:40.219 DEBUG 13920 --- [http-nio-8080-exec-2] o.s.security.web.FilterChainProxy        : Secured GET /api/cart/3
2023-11-17 09:49:40.244 TRACE 13920 --- [http-nio-8080-exec-2] o.s.s.w.header.writers.HstsHeaderWriter  : Not injecting HSTS header since it did not match request to [Is Secure]
2023-11-17 09:49:40.244 DEBUG 13920 --- [http-nio-8080-exec-2] s.s.w.c.SecurityContextPersistenceFilter : Cleared SecurityContextHolder to complete request
2023-11-17 09:50:32.027 TRACE 13920 --- [http-nio-8080-exec-1] o.s.security.web.FilterChainProxy        : Trying to match request against DefaultSecurityFilterChain [RequestMatcher=any request, Filters=[org.springframework.security.web.session.DisableEncodeUrlFilter@33f3ebfc, org.springframework.security.web.context.request.async.WebAsyncManagerIntegrationFilter@5cb3cfef, org.springframework.security.web.context.SecurityContextPersistenceFilter@34947355, org.springframework.security.web.header.HeaderWriterFilter@85104d6, org.springframework.security.web.authentication.logout.LogoutFilter@7dd92a36, org.springframework.security.web.authentication.www.BasicAuthenticationFilter@4bc49d70, org.springframework.security.web.savedrequest.RequestCacheAwareFilter@5e6ad84c, org.springframework.security.web.servletapi.SecurityContextHolderAwareRequestFilter@4117e0c9, org.springframework.security.web.authentication.AnonymousAuthenticationFilter@eb77241, org.springframework.security.web.session.SessionManagementFilter@65067d37, org.springframework.security.web.access.ExceptionTranslationFilter@4e6add8d, org.springframework.security.web.access.intercept.FilterSecurityInterceptor@33293b34]] (1/1)
2023-11-17 09:50:32.027 DEBUG 13920 --- [http-nio-8080-exec-1] o.s.security.web.FilterChainProxy        : Securing GET /api/cart/3
2023-11-17 09:50:32.027 TRACE 13920 --- [http-nio-8080-exec-1] o.s.security.web.FilterChainProxy        : Invoking DisableEncodeUrlFilter (1/12)
2023-11-17 09:50:32.027 TRACE 13920 --- [http-nio-8080-exec-1] o.s.security.web.FilterChainProxy        : Invoking WebAsyncManagerIntegrationFilter (2/12)
2023-11-17 09:50:32.034 TRACE 13920 --- [http-nio-8080-exec-1] o.s.security.web.FilterChainProxy        : Invoking SecurityContextPersistenceFilter (3/12)
2023-11-17 09:50:32.034 DEBUG 13920 --- [http-nio-8080-exec-1] s.s.w.c.SecurityContextPersistenceFilter : Set SecurityContextHolder to empty SecurityContext
2023-11-17 09:50:32.034 TRACE 13920 --- [http-nio-8080-exec-1] o.s.security.web.FilterChainProxy        : Invoking HeaderWriterFilter (4/12)
2023-11-17 09:50:32.034 TRACE 13920 --- [http-nio-8080-exec-1] o.s.security.web.FilterChainProxy        : Invoking LogoutFilter (5/12)
2023-11-17 09:50:32.035 TRACE 13920 --- [http-nio-8080-exec-1] o.s.s.w.a.logout.LogoutFilter            : Did not match request to Or [Ant [pattern='/logout', GET], Ant [pattern='/logout', POST], Ant [pattern='/logout', PUT], Ant [pattern='/logout', DELETE]]
2023-11-17 09:50:32.035 TRACE 13920 --- [http-nio-8080-exec-1] o.s.security.web.FilterChainProxy        : Invoking BasicAuthenticationFilter (6/12)
2023-11-17 09:50:32.035 TRACE 13920 --- [http-nio-8080-exec-1] o.s.s.w.a.www.BasicAuthenticationFilter  : Found username 'Bhargava' in Basic Authorization header
2023-11-17 09:50:32.037 TRACE 13920 --- [http-nio-8080-exec-1] o.s.s.authentication.ProviderManager     : Authenticating request with DaoAuthenticationProvider (1/1)
2023-11-17 09:50:32.310 DEBUG 13920 --- [http-nio-8080-exec-1] o.s.s.a.dao.DaoAuthenticationProvider    : Authenticated user
2023-11-17 09:50:32.317 DEBUG 13920 --- [http-nio-8080-exec-1] o.s.s.w.a.www.BasicAuthenticationFilter  : Set SecurityContextHolder to UsernamePasswordAuthenticationToken [Principal=org.springframework.security.core.userdetails.User [Username=Devisetty, Password=[PROTECTED], Enabled=true, AccountNonExpired=true, credentialsNonExpired=true, AccountNonLocked=true, Granted Authorities=[ROLE_USER]], Credentials=[PROTECTED], Authenticated=true, Details=WebAuthenticationDetails [RemoteIpAddress=0:0:0:0:0:0:0:1, SessionId=null], Granted Authorities=[ROLE_USER]]
2023-11-17 09:50:32.318 TRACE 13920 --- [http-nio-8080-exec-1] o.s.security.web.FilterChainProxy        : Invoking RequestCacheAwareFilter (7/12)
2023-11-17 09:50:32.318 TRACE 13920 --- [http-nio-8080-exec-1] o.s.security.web.FilterChainProxy        : Invoking SecurityContextHolderAwareRequestFilter (8/12)
2023-11-17 09:50:32.319 TRACE 13920 --- [http-nio-8080-exec-1] o.s.security.web.FilterChainProxy        : Invoking AnonymousAuthenticationFilter (9/12)
2023-11-17 09:50:32.319 TRACE 13920 --- [http-nio-8080-exec-1] o.s.s.w.a.AnonymousAuthenticationFilter  : Did not set SecurityContextHolder since already authenticated UsernamePasswordAuthenticationToken [Principal=org.springframework.security.core.userdetails.User [Username=Devisetty, Password=[PROTECTED], Enabled=true, AccountNonExpired=true, credentialsNonExpired=true, AccountNonLocked=true, Granted Authorities=[ROLE_USER]], Credentials=[PROTECTED], Authenticated=true, Details=WebAuthenticationDetails [RemoteIpAddress=0:0:0:0:0:0:0:1, SessionId=null], Granted Authorities=[ROLE_USER]]
2023-11-17 09:50:32.319 TRACE 13920 --- [http-nio-8080-exec-1] o.s.security.web.FilterChainProxy        : Invoking SessionManagementFilter (10/12)
2023-11-17 09:50:32.319 TRACE 13920 --- [http-nio-8080-exec-1] s.CompositeSessionAuthenticationStrategy : Preparing session with ChangeSessionIdAuthenticationStrategy (1/1)
2023-11-17 09:50:32.319 TRACE 13920 --- [http-nio-8080-exec-1] o.s.security.web.FilterChainProxy        : Invoking ExceptionTranslationFilter (11/12)
2023-11-17 09:50:32.319 TRACE 13920 --- [http-nio-8080-exec-1] o.s.security.web.FilterChainProxy        : Invoking FilterSecurityInterceptor (12/12)
2023-11-17 09:50:32.319 TRACE 13920 --- [http-nio-8080-exec-1] edFilterInvocationSecurityMetadataSource : Did not match request to Ant [pattern='/h2-console/**'] - [permitAll] (1/4)
2023-11-17 09:50:32.319 TRACE 13920 --- [http-nio-8080-exec-1] edFilterInvocationSecurityMetadataSource : Did not match request to Ant [pattern='/api/auth/**'] - [permitAll] (2/4)
2023-11-17 09:50:32.319 TRACE 13920 --- [http-nio-8080-exec-1] edFilterInvocationSecurityMetadataSource : Did not match request to Ant [pattern='/swagger-ui/**'] - [permitAll] (3/4)
2023-11-17 09:50:32.319 TRACE 13920 --- [http-nio-8080-exec-1] o.s.s.w.a.i.FilterSecurityInterceptor    : Did not re-authenticate UsernamePasswordAuthenticationToken [Principal=org.springframework.security.core.userdetails.User [Username=Devisetty, Password=[PROTECTED], Enabled=true, AccountNonExpired=true, credentialsNonExpired=true, AccountNonLocked=true, Granted Authorities=[ROLE_USER]], Credentials=[PROTECTED], Authenticated=true, Details=WebAuthenticationDetails [RemoteIpAddress=0:0:0:0:0:0:0:1, SessionId=null], Granted Authorities=[ROLE_USER]] before authorizing
2023-11-17 09:50:32.319 TRACE 13920 --- [http-nio-8080-exec-1] o.s.s.w.a.i.FilterSecurityInterceptor    : Authorizing filter invocation [GET /api/cart/3] with attributes [authenticated]
2023-11-17 09:50:32.319 DEBUG 13920 --- [http-nio-8080-exec-1] o.s.s.w.a.i.FilterSecurityInterceptor    : Authorized filter invocation [GET /api/cart/3] with attributes [authenticated]
2023-11-17 09:50:32.319 TRACE 13920 --- [http-nio-8080-exec-1] o.s.s.w.a.i.FilterSecurityInterceptor    : Did not switch RunAs authentication since RunAsManager returned null
2023-11-17 09:50:32.319 DEBUG 13920 --- [http-nio-8080-exec-1] o.s.security.web.FilterChainProxy        : Secured GET /api/cart/3
2023-11-17 09:50:32.343 TRACE 13920 --- [http-nio-8080-exec-1] o.s.s.w.header.writers.HstsHeaderWriter  : Not injecting HSTS header since it did not match request to [Is Secure]
2023-11-17 09:50:32.343 DEBUG 13920 --- [http-nio-8080-exec-1] s.s.w.c.SecurityContextPersistenceFilter : Cleared SecurityContextHolder to complete request
2023-11-17 09:52:16.424  INFO 13920 --- [SpringApplicationShutdownHook] j.LocalContainerEntityManagerFactoryBean : Closing JPA EntityManagerFactory for persistence unit 'default'
2023-11-17 09:52:16.427  INFO 13920 --- [SpringApplicationShutdownHook] com.zaxxer.hikari.HikariDataSource       : HikariPool-1 - Shutdown initiated...
2023-11-17 09:52:16.440  INFO 13920 --- [SpringApplicationShutdownHook] com.zaxxer.hikari.HikariDataSource       : HikariPool-1 - Shutdown completed.
